<?xml version="1.0" encoding="UTF-8"?>
<testng-results ignored="0" total="18" passed="18" failed="0" skipped="0">
  <reporter-output>
  </reporter-output>
  <suite started-at="2024-07-04T13:57:27 IST" name="Suite" finished-at="2024-07-04T13:57:27 IST" duration-ms="0">
    <groups>
    </groups>
  </suite> <!-- Suite -->
  <suite started-at="2024-07-04T13:56:08 IST" name="02.Integration_TestSuite" finished-at="2024-07-04T13:56:47 IST" duration-ms="39741">
    <groups>
      <group name="regression">
        <method signature="TS_002_VerifyCancelLogin.TC_005_CancelLogin_X()[pri:0, instance:module_LoginPage.TS_002_VerifyCancelLogin@7494f96a]" name="TC_005_CancelLogin_X" class="module_LoginPage.TS_002_VerifyCancelLogin"/>
        <method signature="TS_002_VerifyCancelLogin.TC_005_CancelLogin_X()[pri:0, instance:module_LoginPage.TS_002_VerifyCancelLogin@49e5f737]" name="TC_005_CancelLogin_X" class="module_LoginPage.TS_002_VerifyCancelLogin"/>
        <method signature="TS_002_VerifyCancelLogin.TC_005_CancelLogin_X()[pri:0, instance:module_LoginPage.TS_002_VerifyCancelLogin@6aaceffd]" name="TC_005_CancelLogin_X" class="module_LoginPage.TS_002_VerifyCancelLogin"/>
      </group> <!-- regression -->
      <group name="integration">
        <method signature="TS_001_ValidateLoginCredentials.TC_003_Login_InvalidUsername(java.lang.String,java.lang.String)[pri:0, instance:module_LoginPage.TS_001_ValidateLoginCredentials@26b3fd41]" name="TC_003_Login_InvalidUsername" class="module_LoginPage.TS_001_ValidateLoginCredentials"/>
        <method signature="TS_002_VerifyCancelLogin.TC_005_CancelLogin_X()[pri:0, instance:module_LoginPage.TS_002_VerifyCancelLogin@7494f96a]" name="TC_005_CancelLogin_X" class="module_LoginPage.TS_002_VerifyCancelLogin"/>
        <method signature="TS_001_ValidateLoginCredentials.TC_003_Login_InvalidUsername(java.lang.String,java.lang.String)[pri:0, instance:module_LoginPage.TS_001_ValidateLoginCredentials@445b295b]" name="TC_003_Login_InvalidUsername" class="module_LoginPage.TS_001_ValidateLoginCredentials"/>
        <method signature="TS_002_VerifyCancelLogin.TC_005_CancelLogin_X()[pri:0, instance:module_LoginPage.TS_002_VerifyCancelLogin@49e5f737]" name="TC_005_CancelLogin_X" class="module_LoginPage.TS_002_VerifyCancelLogin"/>
        <method signature="TS_001_ValidateLoginCredentials.TC_003_Login_InvalidUsername(java.lang.String,java.lang.String)[pri:0, instance:module_LoginPage.TS_001_ValidateLoginCredentials@e4487af]" name="TC_003_Login_InvalidUsername" class="module_LoginPage.TS_001_ValidateLoginCredentials"/>
        <method signature="TS_002_VerifyCancelLogin.TC_005_CancelLogin_X()[pri:0, instance:module_LoginPage.TS_002_VerifyCancelLogin@6aaceffd]" name="TC_005_CancelLogin_X" class="module_LoginPage.TS_002_VerifyCancelLogin"/>
      </group> <!-- integration -->
    </groups>
    <test started-at="2024-07-04T13:56:08 IST" name="Chrome" finished-at="2024-07-04T13:56:19 IST" duration-ms="11049">
      <class name="module_LoginPage.TS_002_VerifyCancelLogin">
        <test-method is-config="true" signature="driverInitializer(java.lang.String)[pri:0, instance:module_LoginPage.TS_002_VerifyCancelLogin@7494f96a]" started-at="2024-07-04T13:56:12 IST" name="driverInitializer" finished-at="2024-07-04T13:56:14 IST" duration-ms="1815" status="PASS">
          <params>
            <param index="0">
              <value>
                <![CDATA[Chrome]]>
              </value>
            </param>
          </params>
          <reporter-output>
          </reporter-output>
        </test-method> <!-- driverInitializer -->
        <test-method signature="TC_005_CancelLogin_X()[pri:0, instance:module_LoginPage.TS_002_VerifyCancelLogin@7494f96a]" started-at="2024-07-04T13:56:14 IST" name="TC_005_CancelLogin_X" finished-at="2024-07-04T13:56:18 IST" duration-ms="4267" status="PASS">
          <reporter-output>
          </reporter-output>
        </test-method> <!-- TC_005_CancelLogin_X -->
        <test-method is-config="true" signature="captureReport(org.testng.ITestResult)[pri:0, instance:module_LoginPage.TS_002_VerifyCancelLogin@7494f96a]" started-at="2024-07-04T13:56:18 IST" name="captureReport" finished-at="2024-07-04T13:56:19 IST" duration-ms="212" status="PASS">
          <params>
            <param index="0">
              <value>
                <![CDATA[[TestResult name=TC_005_CancelLogin_X status=SUCCESS method=TS_002_VerifyCancelLogin.TC_005_CancelLogin_X()[pri:0, instance:module_LoginPage.TS_002_VerifyCancelLogin@7494f96a] output={null}]]]>
              </value>
            </param>
          </params>
          <reporter-output>
          </reporter-output>
        </test-method> <!-- captureReport -->
      </class> <!-- module_LoginPage.TS_002_VerifyCancelLogin -->
      <class name="module_LoginPage.TS_001_ValidateLoginCredentials">
        <test-method is-config="true" signature="driverInitializer(java.lang.String)[pri:0, instance:module_LoginPage.TS_001_ValidateLoginCredentials@26b3fd41]" started-at="2024-07-04T13:56:08 IST" name="driverInitializer" finished-at="2024-07-04T13:56:10 IST" duration-ms="2245" status="PASS">
          <params>
            <param index="0">
              <value>
                <![CDATA[Chrome]]>
              </value>
            </param>
          </params>
          <reporter-output>
          </reporter-output>
        </test-method> <!-- driverInitializer -->
        <test-method signature="TC_003_Login_InvalidUsername(java.lang.String,java.lang.String)[pri:0, instance:module_LoginPage.TS_001_ValidateLoginCredentials@26b3fd41]" started-at="2024-07-04T13:56:10 IST" name="TC_003_Login_InvalidUsername" data-provider="TestData_Login" finished-at="2024-07-04T13:56:12 IST" duration-ms="2220" status="PASS">
          <params>
            <param index="0">
              <value>
                <![CDATA[testjnhjbfgjfbv]]>
              </value>
            </param>
            <param index="1">
              <value>
                <![CDATA[test]]>
              </value>
            </param>
          </params>
          <reporter-output>
          </reporter-output>
        </test-method> <!-- TC_003_Login_InvalidUsername -->
        <test-method is-config="true" signature="captureReport(org.testng.ITestResult)[pri:0, instance:module_LoginPage.TS_001_ValidateLoginCredentials@26b3fd41]" started-at="2024-07-04T13:56:12 IST" name="captureReport" finished-at="2024-07-04T13:56:12 IST" duration-ms="186" status="PASS">
          <params>
            <param index="0">
              <value>
                <![CDATA[[TestResult name=TC_003_Login_InvalidUsername status=SUCCESS method=TS_001_ValidateLoginCredentials.TC_003_Login_InvalidUsername(java.lang.String,java.lang.String)[pri:0, instance:module_LoginPage.TS_001_ValidateLoginCredentials@26b3fd41] output={null}]]]>
              </value>
            </param>
          </params>
          <reporter-output>
          </reporter-output>
        </test-method> <!-- captureReport -->
        <test-method is-config="true" signature="tear()[pri:0, instance:module_LoginPage.TS_001_ValidateLoginCredentials@26b3fd41]" started-at="2024-07-04T13:56:19 IST" name="tear" finished-at="2024-07-04T13:56:19 IST" duration-ms="65" status="PASS">
          <reporter-output>
          </reporter-output>
        </test-method> <!-- tear -->
      </class> <!-- module_LoginPage.TS_001_ValidateLoginCredentials -->
    </test> <!-- Chrome -->
    <test started-at="2024-07-04T13:56:19 IST" name="Firefox" finished-at="2024-07-04T13:56:33 IST" duration-ms="14576">
      <class name="module_LoginPage.TS_002_VerifyCancelLogin">
        <test-method is-config="true" signature="driverInitializer(java.lang.String)[pri:0, instance:module_LoginPage.TS_002_VerifyCancelLogin@49e5f737]" started-at="2024-07-04T13:56:25 IST" name="driverInitializer" finished-at="2024-07-04T13:56:30 IST" duration-ms="4410" status="PASS">
          <params>
            <param index="0">
              <value>
                <![CDATA[Firefox]]>
              </value>
            </param>
          </params>
          <reporter-output>
          </reporter-output>
        </test-method> <!-- driverInitializer -->
        <test-method signature="TC_005_CancelLogin_X()[pri:0, instance:module_LoginPage.TS_002_VerifyCancelLogin@49e5f737]" started-at="2024-07-04T13:56:30 IST" name="TC_005_CancelLogin_X" finished-at="2024-07-04T13:56:32 IST" duration-ms="2652" status="PASS">
          <reporter-output>
          </reporter-output>
        </test-method> <!-- TC_005_CancelLogin_X -->
        <test-method is-config="true" signature="captureReport(org.testng.ITestResult)[pri:0, instance:module_LoginPage.TS_002_VerifyCancelLogin@49e5f737]" started-at="2024-07-04T13:56:32 IST" name="captureReport" finished-at="2024-07-04T13:56:33 IST" duration-ms="837" status="PASS">
          <params>
            <param index="0">
              <value>
                <![CDATA[[TestResult name=TC_005_CancelLogin_X status=SUCCESS method=TS_002_VerifyCancelLogin.TC_005_CancelLogin_X()[pri:0, instance:module_LoginPage.TS_002_VerifyCancelLogin@49e5f737] output={null}]]]>
              </value>
            </param>
          </params>
          <reporter-output>
          </reporter-output>
        </test-method> <!-- captureReport -->
      </class> <!-- module_LoginPage.TS_002_VerifyCancelLogin -->
      <class name="module_LoginPage.TS_001_ValidateLoginCredentials">
        <test-method is-config="true" signature="driverInitializer(java.lang.String)[pri:0, instance:module_LoginPage.TS_001_ValidateLoginCredentials@445b295b]" started-at="2024-07-04T13:56:19 IST" name="driverInitializer" finished-at="2024-07-04T13:56:23 IST" duration-ms="4243" status="PASS">
          <params>
            <param index="0">
              <value>
                <![CDATA[Firefox]]>
              </value>
            </param>
          </params>
          <reporter-output>
          </reporter-output>
        </test-method> <!-- driverInitializer -->
        <test-method signature="TC_003_Login_InvalidUsername(java.lang.String,java.lang.String)[pri:0, instance:module_LoginPage.TS_001_ValidateLoginCredentials@445b295b]" started-at="2024-07-04T13:56:23 IST" name="TC_003_Login_InvalidUsername" data-provider="TestData_Login" finished-at="2024-07-04T13:56:25 IST" duration-ms="1571" status="PASS">
          <params>
            <param index="0">
              <value>
                <![CDATA[testjnhjbfgjfbv]]>
              </value>
            </param>
            <param index="1">
              <value>
                <![CDATA[test]]>
              </value>
            </param>
          </params>
          <reporter-output>
          </reporter-output>
        </test-method> <!-- TC_003_Login_InvalidUsername -->
        <test-method is-config="true" signature="captureReport(org.testng.ITestResult)[pri:0, instance:module_LoginPage.TS_001_ValidateLoginCredentials@445b295b]" started-at="2024-07-04T13:56:25 IST" name="captureReport" finished-at="2024-07-04T13:56:25 IST" duration-ms="807" status="PASS">
          <params>
            <param index="0">
              <value>
                <![CDATA[[TestResult name=TC_003_Login_InvalidUsername status=SUCCESS method=TS_001_ValidateLoginCredentials.TC_003_Login_InvalidUsername(java.lang.String,java.lang.String)[pri:0, instance:module_LoginPage.TS_001_ValidateLoginCredentials@445b295b] output={null}]]]>
              </value>
            </param>
          </params>
          <reporter-output>
          </reporter-output>
        </test-method> <!-- captureReport -->
        <test-method is-config="true" signature="tear()[pri:0, instance:module_LoginPage.TS_001_ValidateLoginCredentials@445b295b]" started-at="2024-07-04T13:56:33 IST" name="tear" finished-at="2024-07-04T13:56:33 IST" duration-ms="26" status="PASS">
          <reporter-output>
          </reporter-output>
        </test-method> <!-- tear -->
      </class> <!-- module_LoginPage.TS_001_ValidateLoginCredentials -->
    </test> <!-- Firefox -->
    <test started-at="2024-07-04T13:56:33 IST" name="Edge" finished-at="2024-07-04T13:56:47 IST" duration-ms="14105">
      <class name="module_LoginPage.TS_002_VerifyCancelLogin">
        <test-method is-config="true" signature="driverInitializer(java.lang.String)[pri:0, instance:module_LoginPage.TS_002_VerifyCancelLogin@6aaceffd]" started-at="2024-07-04T13:56:40 IST" name="driverInitializer" finished-at="2024-07-04T13:56:43 IST" duration-ms="3049" status="PASS">
          <params>
            <param index="0">
              <value>
                <![CDATA[Edge]]>
              </value>
            </param>
          </params>
          <reporter-output>
          </reporter-output>
        </test-method> <!-- driverInitializer -->
        <test-method signature="TC_005_CancelLogin_X()[pri:0, instance:module_LoginPage.TS_002_VerifyCancelLogin@6aaceffd]" started-at="2024-07-04T13:56:43 IST" name="TC_005_CancelLogin_X" finished-at="2024-07-04T13:56:46 IST" duration-ms="3361" status="PASS">
          <reporter-output>
          </reporter-output>
        </test-method> <!-- TC_005_CancelLogin_X -->
        <test-method is-config="true" signature="captureReport(org.testng.ITestResult)[pri:0, instance:module_LoginPage.TS_002_VerifyCancelLogin@6aaceffd]" started-at="2024-07-04T13:56:46 IST" name="captureReport" finished-at="2024-07-04T13:56:47 IST" duration-ms="1418" status="PASS">
          <params>
            <param index="0">
              <value>
                <![CDATA[[TestResult name=TC_005_CancelLogin_X status=SUCCESS method=TS_002_VerifyCancelLogin.TC_005_CancelLogin_X()[pri:0, instance:module_LoginPage.TS_002_VerifyCancelLogin@6aaceffd] output={null}]]]>
              </value>
            </param>
          </params>
          <reporter-output>
          </reporter-output>
        </test-method> <!-- captureReport -->
      </class> <!-- module_LoginPage.TS_002_VerifyCancelLogin -->
      <class name="module_LoginPage.TS_001_ValidateLoginCredentials">
        <test-method is-config="true" signature="extentReportInitializer(java.lang.String)[pri:0, instance:module_LoginPage.TS_001_ValidateLoginCredentials@e4487af]" started-at="2024-07-04T13:56:08 IST" name="extentReportInitializer" finished-at="2024-07-04T13:56:08 IST" duration-ms="2" status="PASS">
          <params>
            <param index="0">
              <value>
                <![CDATA[02.Integration_TestSuite]]>
              </value>
            </param>
          </params>
          <reporter-output>
          </reporter-output>
        </test-method> <!-- extentReportInitializer -->
        <test-method is-config="true" signature="driverInitializer(java.lang.String)[pri:0, instance:module_LoginPage.TS_001_ValidateLoginCredentials@e4487af]" started-at="2024-07-04T13:56:33 IST" name="driverInitializer" finished-at="2024-07-04T13:56:36 IST" duration-ms="2571" status="PASS">
          <params>
            <param index="0">
              <value>
                <![CDATA[Edge]]>
              </value>
            </param>
          </params>
          <reporter-output>
          </reporter-output>
        </test-method> <!-- driverInitializer -->
        <test-method signature="TC_003_Login_InvalidUsername(java.lang.String,java.lang.String)[pri:0, instance:module_LoginPage.TS_001_ValidateLoginCredentials@e4487af]" started-at="2024-07-04T13:56:36 IST" name="TC_003_Login_InvalidUsername" data-provider="TestData_Login" finished-at="2024-07-04T13:56:38 IST" duration-ms="2305" status="PASS">
          <params>
            <param index="0">
              <value>
                <![CDATA[testjnhjbfgjfbv]]>
              </value>
            </param>
            <param index="1">
              <value>
                <![CDATA[test]]>
              </value>
            </param>
          </params>
          <reporter-output>
          </reporter-output>
        </test-method> <!-- TC_003_Login_InvalidUsername -->
        <test-method is-config="true" signature="captureReport(org.testng.ITestResult)[pri:0, instance:module_LoginPage.TS_001_ValidateLoginCredentials@e4487af]" started-at="2024-07-04T13:56:38 IST" name="captureReport" finished-at="2024-07-04T13:56:40 IST" duration-ms="1350" status="PASS">
          <params>
            <param index="0">
              <value>
                <![CDATA[[TestResult name=TC_003_Login_InvalidUsername status=SUCCESS method=TS_001_ValidateLoginCredentials.TC_003_Login_InvalidUsername(java.lang.String,java.lang.String)[pri:0, instance:module_LoginPage.TS_001_ValidateLoginCredentials@e4487af] output={null}]]]>
              </value>
            </param>
          </params>
          <reporter-output>
          </reporter-output>
        </test-method> <!-- captureReport -->
        <test-method is-config="true" signature="tear()[pri:0, instance:module_LoginPage.TS_001_ValidateLoginCredentials@e4487af]" started-at="2024-07-04T13:56:47 IST" name="tear" finished-at="2024-07-04T13:56:47 IST" duration-ms="26" status="PASS">
          <reporter-output>
          </reporter-output>
        </test-method> <!-- tear -->
      </class> <!-- module_LoginPage.TS_001_ValidateLoginCredentials -->
    </test> <!-- Edge -->
  </suite> <!-- 02.Integration_TestSuite -->
  <suite started-at="2024-07-04T13:55:09 IST" name="01.Smoke_TestSuite" finished-at="2024-07-04T13:56:08 IST" duration-ms="58402">
    <groups>
      <group name="smoke">
        <method signature="TS_001_ValidateLoginCredentials.TC_001_Login_ValidCredentials(java.lang.String,java.lang.String)[pri:0, instance:module_LoginPage.TS_001_ValidateLoginCredentials@62ddbd7e]" name="TC_001_Login_ValidCredentials" class="module_LoginPage.TS_001_ValidateLoginCredentials"/>
        <method signature="TS_002_VerifyCancelLogin.TC_004_CancelLogin_Close()[pri:0, instance:module_LoginPage.TS_002_VerifyCancelLogin@3857f613]" name="TC_004_CancelLogin_Close" class="module_LoginPage.TS_002_VerifyCancelLogin"/>
        <method signature="TS_001_ValidateLoginCredentials.TC_001_Login_ValidCredentials(java.lang.String,java.lang.String)[pri:0, instance:module_LoginPage.TS_001_ValidateLoginCredentials@5b94b04d]" name="TC_001_Login_ValidCredentials" class="module_LoginPage.TS_001_ValidateLoginCredentials"/>
        <method signature="TS_002_VerifyCancelLogin.TC_004_CancelLogin_Close()[pri:0, instance:module_LoginPage.TS_002_VerifyCancelLogin@8c3b9d]" name="TC_004_CancelLogin_Close" class="module_LoginPage.TS_002_VerifyCancelLogin"/>
        <method signature="TS_001_ValidateLoginCredentials.TC_001_Login_ValidCredentials(java.lang.String,java.lang.String)[pri:0, instance:module_LoginPage.TS_001_ValidateLoginCredentials@f79e]" name="TC_001_Login_ValidCredentials" class="module_LoginPage.TS_001_ValidateLoginCredentials"/>
        <method signature="TS_002_VerifyCancelLogin.TC_004_CancelLogin_Close()[pri:0, instance:module_LoginPage.TS_002_VerifyCancelLogin@7ee8290b]" name="TC_004_CancelLogin_Close" class="module_LoginPage.TS_002_VerifyCancelLogin"/>
      </group> <!-- smoke -->
    </groups>
    <test started-at="2024-07-04T13:55:09 IST" name="Chrome" finished-at="2024-07-04T13:55:27 IST" duration-ms="18028">
      <class name="module_LoginPage.TS_002_VerifyCancelLogin">
        <test-method is-config="true" signature="driverInitializer(java.lang.String)[pri:0, instance:module_LoginPage.TS_002_VerifyCancelLogin@3857f613]" started-at="2024-07-04T13:55:20 IST" name="driverInitializer" finished-at="2024-07-04T13:55:23 IST" duration-ms="3407" status="PASS">
          <params>
            <param index="0">
              <value>
                <![CDATA[Chrome]]>
              </value>
            </param>
          </params>
          <reporter-output>
          </reporter-output>
        </test-method> <!-- driverInitializer -->
        <test-method signature="TC_004_CancelLogin_Close()[pri:0, instance:module_LoginPage.TS_002_VerifyCancelLogin@3857f613]" started-at="2024-07-04T13:55:23 IST" name="TC_004_CancelLogin_Close" finished-at="2024-07-04T13:55:27 IST" duration-ms="3418" status="PASS">
          <reporter-output>
          </reporter-output>
        </test-method> <!-- TC_004_CancelLogin_Close -->
        <test-method is-config="true" signature="captureReport(org.testng.ITestResult)[pri:0, instance:module_LoginPage.TS_002_VerifyCancelLogin@3857f613]" started-at="2024-07-04T13:55:27 IST" name="captureReport" finished-at="2024-07-04T13:55:27 IST" duration-ms="224" status="PASS">
          <params>
            <param index="0">
              <value>
                <![CDATA[[TestResult name=TC_004_CancelLogin_Close status=SUCCESS method=TS_002_VerifyCancelLogin.TC_004_CancelLogin_Close()[pri:0, instance:module_LoginPage.TS_002_VerifyCancelLogin@3857f613] output={null}]]]>
              </value>
            </param>
          </params>
          <reporter-output>
          </reporter-output>
        </test-method> <!-- captureReport -->
      </class> <!-- module_LoginPage.TS_002_VerifyCancelLogin -->
      <class name="module_LoginPage.TS_001_ValidateLoginCredentials">
        <test-method is-config="true" signature="driverInitializer(java.lang.String)[pri:0, instance:module_LoginPage.TS_001_ValidateLoginCredentials@62ddbd7e]" started-at="2024-07-04T13:55:10 IST" name="driverInitializer" finished-at="2024-07-04T13:55:13 IST" duration-ms="3281" status="PASS">
          <params>
            <param index="0">
              <value>
                <![CDATA[Chrome]]>
              </value>
            </param>
          </params>
          <reporter-output>
          </reporter-output>
        </test-method> <!-- driverInitializer -->
        <test-method signature="TC_001_Login_ValidCredentials(java.lang.String,java.lang.String)[pri:0, instance:module_LoginPage.TS_001_ValidateLoginCredentials@62ddbd7e]" started-at="2024-07-04T13:55:13 IST" name="TC_001_Login_ValidCredentials" data-provider="TestData_Login" finished-at="2024-07-04T13:55:19 IST" duration-ms="6359" status="PASS">
          <params>
            <param index="0">
              <value>
                <![CDATA[test]]>
              </value>
            </param>
            <param index="1">
              <value>
                <![CDATA[test]]>
              </value>
            </param>
          </params>
          <reporter-output>
          </reporter-output>
        </test-method> <!-- TC_001_Login_ValidCredentials -->
        <test-method is-config="true" signature="captureReport(org.testng.ITestResult)[pri:0, instance:module_LoginPage.TS_001_ValidateLoginCredentials@62ddbd7e]" started-at="2024-07-04T13:55:19 IST" name="captureReport" finished-at="2024-07-04T13:55:20 IST" duration-ms="279" status="PASS">
          <params>
            <param index="0">
              <value>
                <![CDATA[[TestResult name=TC_001_Login_ValidCredentials status=SUCCESS method=TS_001_ValidateLoginCredentials.TC_001_Login_ValidCredentials(java.lang.String,java.lang.String)[pri:0, instance:module_LoginPage.TS_001_ValidateLoginCredentials@62ddbd7e] output={null}]]]>
              </value>
            </param>
          </params>
          <reporter-output>
          </reporter-output>
        </test-method> <!-- captureReport -->
        <test-method is-config="true" signature="tear()[pri:0, instance:module_LoginPage.TS_001_ValidateLoginCredentials@62ddbd7e]" started-at="2024-07-04T13:55:27 IST" name="tear" finished-at="2024-07-04T13:55:27 IST" duration-ms="522" status="PASS">
          <reporter-output>
          </reporter-output>
        </test-method> <!-- tear -->
      </class> <!-- module_LoginPage.TS_001_ValidateLoginCredentials -->
    </test> <!-- Chrome -->
    <test started-at="2024-07-04T13:55:27 IST" name="Firefox" finished-at="2024-07-04T13:55:47 IST" duration-ms="19684">
      <class name="module_LoginPage.TS_002_VerifyCancelLogin">
        <test-method is-config="true" signature="driverInitializer(java.lang.String)[pri:0, instance:module_LoginPage.TS_002_VerifyCancelLogin@8c3b9d]" started-at="2024-07-04T13:55:39 IST" name="driverInitializer" finished-at="2024-07-04T13:55:43 IST" duration-ms="4436" status="PASS">
          <params>
            <param index="0">
              <value>
                <![CDATA[Firefox]]>
              </value>
            </param>
          </params>
          <reporter-output>
          </reporter-output>
        </test-method> <!-- driverInitializer -->
        <test-method signature="TC_004_CancelLogin_Close()[pri:0, instance:module_LoginPage.TS_002_VerifyCancelLogin@8c3b9d]" started-at="2024-07-04T13:55:43 IST" name="TC_004_CancelLogin_Close" finished-at="2024-07-04T13:55:46 IST" duration-ms="2637" status="PASS">
          <reporter-output>
          </reporter-output>
        </test-method> <!-- TC_004_CancelLogin_Close -->
        <test-method is-config="true" signature="captureReport(org.testng.ITestResult)[pri:0, instance:module_LoginPage.TS_002_VerifyCancelLogin@8c3b9d]" started-at="2024-07-04T13:55:46 IST" name="captureReport" finished-at="2024-07-04T13:55:47 IST" duration-ms="947" status="PASS">
          <params>
            <param index="0">
              <value>
                <![CDATA[[TestResult name=TC_004_CancelLogin_Close status=SUCCESS method=TS_002_VerifyCancelLogin.TC_004_CancelLogin_Close()[pri:0, instance:module_LoginPage.TS_002_VerifyCancelLogin@8c3b9d] output={null}]]]>
              </value>
            </param>
          </params>
          <reporter-output>
          </reporter-output>
        </test-method> <!-- captureReport -->
      </class> <!-- module_LoginPage.TS_002_VerifyCancelLogin -->
      <class name="module_LoginPage.TS_001_ValidateLoginCredentials">
        <test-method is-config="true" signature="driverInitializer(java.lang.String)[pri:0, instance:module_LoginPage.TS_001_ValidateLoginCredentials@5b94b04d]" started-at="2024-07-04T13:55:27 IST" name="driverInitializer" finished-at="2024-07-04T13:55:32 IST" duration-ms="4516" status="PASS">
          <params>
            <param index="0">
              <value>
                <![CDATA[Firefox]]>
              </value>
            </param>
          </params>
          <reporter-output>
          </reporter-output>
        </test-method> <!-- driverInitializer -->
        <test-method signature="TC_001_Login_ValidCredentials(java.lang.String,java.lang.String)[pri:0, instance:module_LoginPage.TS_001_ValidateLoginCredentials@5b94b04d]" started-at="2024-07-04T13:55:32 IST" name="TC_001_Login_ValidCredentials" data-provider="TestData_Login" finished-at="2024-07-04T13:55:38 IST" duration-ms="6130" status="PASS">
          <params>
            <param index="0">
              <value>
                <![CDATA[test]]>
              </value>
            </param>
            <param index="1">
              <value>
                <![CDATA[test]]>
              </value>
            </param>
          </params>
          <reporter-output>
          </reporter-output>
        </test-method> <!-- TC_001_Login_ValidCredentials -->
        <test-method is-config="true" signature="captureReport(org.testng.ITestResult)[pri:0, instance:module_LoginPage.TS_001_ValidateLoginCredentials@5b94b04d]" started-at="2024-07-04T13:55:38 IST" name="captureReport" finished-at="2024-07-04T13:55:39 IST" duration-ms="835" status="PASS">
          <params>
            <param index="0">
              <value>
                <![CDATA[[TestResult name=TC_001_Login_ValidCredentials status=SUCCESS method=TS_001_ValidateLoginCredentials.TC_001_Login_ValidCredentials(java.lang.String,java.lang.String)[pri:0, instance:module_LoginPage.TS_001_ValidateLoginCredentials@5b94b04d] output={null}]]]>
              </value>
            </param>
          </params>
          <reporter-output>
          </reporter-output>
        </test-method> <!-- captureReport -->
        <test-method is-config="true" signature="tear()[pri:0, instance:module_LoginPage.TS_001_ValidateLoginCredentials@5b94b04d]" started-at="2024-07-04T13:55:47 IST" name="tear" finished-at="2024-07-04T13:55:47 IST" duration-ms="31" status="PASS">
          <reporter-output>
          </reporter-output>
        </test-method> <!-- tear -->
      </class> <!-- module_LoginPage.TS_001_ValidateLoginCredentials -->
    </test> <!-- Firefox -->
    <test started-at="2024-07-04T13:55:47 IST" name="Edge" finished-at="2024-07-04T13:56:08 IST" duration-ms="20664">
      <class name="module_LoginPage.TS_002_VerifyCancelLogin">
        <test-method is-config="true" signature="driverInitializer(java.lang.String)[pri:0, instance:module_LoginPage.TS_002_VerifyCancelLogin@7ee8290b]" started-at="2024-07-04T13:56:00 IST" name="driverInitializer" finished-at="2024-07-04T13:56:03 IST" duration-ms="2566" status="PASS">
          <params>
            <param index="0">
              <value>
                <![CDATA[Edge]]>
              </value>
            </param>
          </params>
          <reporter-output>
          </reporter-output>
        </test-method> <!-- driverInitializer -->
        <test-method signature="TC_004_CancelLogin_Close()[pri:0, instance:module_LoginPage.TS_002_VerifyCancelLogin@7ee8290b]" started-at="2024-07-04T13:56:03 IST" name="TC_004_CancelLogin_Close" finished-at="2024-07-04T13:56:06 IST" duration-ms="3445" status="PASS">
          <reporter-output>
          </reporter-output>
        </test-method> <!-- TC_004_CancelLogin_Close -->
        <test-method is-config="true" signature="captureReport(org.testng.ITestResult)[pri:0, instance:module_LoginPage.TS_002_VerifyCancelLogin@7ee8290b]" started-at="2024-07-04T13:56:06 IST" name="captureReport" finished-at="2024-07-04T13:56:08 IST" duration-ms="1324" status="PASS">
          <params>
            <param index="0">
              <value>
                <![CDATA[[TestResult name=TC_004_CancelLogin_Close status=SUCCESS method=TS_002_VerifyCancelLogin.TC_004_CancelLogin_Close()[pri:0, instance:module_LoginPage.TS_002_VerifyCancelLogin@7ee8290b] output={null}]]]>
              </value>
            </param>
          </params>
          <reporter-output>
          </reporter-output>
        </test-method> <!-- captureReport -->
      </class> <!-- module_LoginPage.TS_002_VerifyCancelLogin -->
      <class name="module_LoginPage.TS_001_ValidateLoginCredentials">
        <test-method is-config="true" signature="extentReportInitializer(java.lang.String)[pri:0, instance:module_LoginPage.TS_001_ValidateLoginCredentials@f79e]" started-at="2024-07-04T13:55:09 IST" name="extentReportInitializer" finished-at="2024-07-04T13:55:09 IST" duration-ms="716" status="PASS">
          <params>
            <param index="0">
              <value>
                <![CDATA[01.Smoke_TestSuite]]>
              </value>
            </param>
          </params>
          <reporter-output>
          </reporter-output>
        </test-method> <!-- extentReportInitializer -->
        <test-method is-config="true" signature="driverInitializer(java.lang.String)[pri:0, instance:module_LoginPage.TS_001_ValidateLoginCredentials@f79e]" started-at="2024-07-04T13:55:47 IST" name="driverInitializer" finished-at="2024-07-04T13:55:53 IST" duration-ms="5544" status="PASS">
          <params>
            <param index="0">
              <value>
                <![CDATA[Edge]]>
              </value>
            </param>
          </params>
          <reporter-output>
          </reporter-output>
        </test-method> <!-- driverInitializer -->
        <test-method signature="TC_001_Login_ValidCredentials(java.lang.String,java.lang.String)[pri:0, instance:module_LoginPage.TS_001_ValidateLoginCredentials@f79e]" started-at="2024-07-04T13:55:53 IST" name="TC_001_Login_ValidCredentials" data-provider="TestData_Login" finished-at="2024-07-04T13:55:59 IST" duration-ms="6276" status="PASS">
          <params>
            <param index="0">
              <value>
                <![CDATA[test]]>
              </value>
            </param>
            <param index="1">
              <value>
                <![CDATA[test]]>
              </value>
            </param>
          </params>
          <reporter-output>
          </reporter-output>
        </test-method> <!-- TC_001_Login_ValidCredentials -->
        <test-method is-config="true" signature="captureReport(org.testng.ITestResult)[pri:0, instance:module_LoginPage.TS_001_ValidateLoginCredentials@f79e]" started-at="2024-07-04T13:55:59 IST" name="captureReport" finished-at="2024-07-04T13:56:00 IST" duration-ms="1431" status="PASS">
          <params>
            <param index="0">
              <value>
                <![CDATA[[TestResult name=TC_001_Login_ValidCredentials status=SUCCESS method=TS_001_ValidateLoginCredentials.TC_001_Login_ValidCredentials(java.lang.String,java.lang.String)[pri:0, instance:module_LoginPage.TS_001_ValidateLoginCredentials@f79e] output={null}]]]>
              </value>
            </param>
          </params>
          <reporter-output>
          </reporter-output>
        </test-method> <!-- captureReport -->
        <test-method is-config="true" signature="tear()[pri:0, instance:module_LoginPage.TS_001_ValidateLoginCredentials@f79e]" started-at="2024-07-04T13:56:08 IST" name="tear" finished-at="2024-07-04T13:56:08 IST" duration-ms="49" status="PASS">
          <reporter-output>
          </reporter-output>
        </test-method> <!-- tear -->
      </class> <!-- module_LoginPage.TS_001_ValidateLoginCredentials -->
    </test> <!-- Edge -->
  </suite> <!-- 01.Smoke_TestSuite -->
  <suite started-at="2024-07-04T13:56:47 IST" name="03.Regression_TestSuite" finished-at="2024-07-04T13:57:27 IST" duration-ms="39149">
    <groups>
      <group name="regression">
        <method signature="TS_001_ValidateLoginCredentials.TC_002_Login_WrongPassword(java.lang.String,java.lang.String)[pri:0, instance:module_LoginPage.TS_001_ValidateLoginCredentials@37271612]" name="TC_002_Login_WrongPassword" class="module_LoginPage.TS_001_ValidateLoginCredentials"/>
        <method signature="TS_002_VerifyCancelLogin.TC_005_CancelLogin_X()[pri:0, instance:module_LoginPage.TS_002_VerifyCancelLogin@ed7f8b4]" name="TC_005_CancelLogin_X" class="module_LoginPage.TS_002_VerifyCancelLogin"/>
        <method signature="TS_001_ValidateLoginCredentials.TC_002_Login_WrongPassword(java.lang.String,java.lang.String)[pri:0, instance:module_LoginPage.TS_001_ValidateLoginCredentials@6ab778a]" name="TC_002_Login_WrongPassword" class="module_LoginPage.TS_001_ValidateLoginCredentials"/>
        <method signature="TS_002_VerifyCancelLogin.TC_005_CancelLogin_X()[pri:0, instance:module_LoginPage.TS_002_VerifyCancelLogin@4e3958e7]" name="TC_005_CancelLogin_X" class="module_LoginPage.TS_002_VerifyCancelLogin"/>
        <method signature="TS_001_ValidateLoginCredentials.TC_002_Login_WrongPassword(java.lang.String,java.lang.String)[pri:0, instance:module_LoginPage.TS_001_ValidateLoginCredentials@58ea606c]" name="TC_002_Login_WrongPassword" class="module_LoginPage.TS_001_ValidateLoginCredentials"/>
        <method signature="TS_002_VerifyCancelLogin.TC_005_CancelLogin_X()[pri:0, instance:module_LoginPage.TS_002_VerifyCancelLogin@6f45df59]" name="TC_005_CancelLogin_X" class="module_LoginPage.TS_002_VerifyCancelLogin"/>
      </group> <!-- regression -->
      <group name="integration">
        <method signature="TS_002_VerifyCancelLogin.TC_005_CancelLogin_X()[pri:0, instance:module_LoginPage.TS_002_VerifyCancelLogin@ed7f8b4]" name="TC_005_CancelLogin_X" class="module_LoginPage.TS_002_VerifyCancelLogin"/>
        <method signature="TS_002_VerifyCancelLogin.TC_005_CancelLogin_X()[pri:0, instance:module_LoginPage.TS_002_VerifyCancelLogin@4e3958e7]" name="TC_005_CancelLogin_X" class="module_LoginPage.TS_002_VerifyCancelLogin"/>
        <method signature="TS_002_VerifyCancelLogin.TC_005_CancelLogin_X()[pri:0, instance:module_LoginPage.TS_002_VerifyCancelLogin@6f45df59]" name="TC_005_CancelLogin_X" class="module_LoginPage.TS_002_VerifyCancelLogin"/>
      </group> <!-- integration -->
    </groups>
    <test started-at="2024-07-04T13:56:47 IST" name="Chrome" finished-at="2024-07-04T13:56:59 IST" duration-ms="11482">
      <class name="module_LoginPage.TS_002_VerifyCancelLogin">
        <test-method is-config="true" signature="driverInitializer(java.lang.String)[pri:0, instance:module_LoginPage.TS_002_VerifyCancelLogin@ed7f8b4]" started-at="2024-07-04T13:56:53 IST" name="driverInitializer" finished-at="2024-07-04T13:56:55 IST" duration-ms="2618" status="PASS">
          <params>
            <param index="0">
              <value>
                <![CDATA[Chrome]]>
              </value>
            </param>
          </params>
          <reporter-output>
          </reporter-output>
        </test-method> <!-- driverInitializer -->
        <test-method signature="TC_005_CancelLogin_X()[pri:0, instance:module_LoginPage.TS_002_VerifyCancelLogin@ed7f8b4]" started-at="2024-07-04T13:56:55 IST" name="TC_005_CancelLogin_X" finished-at="2024-07-04T13:56:59 IST" duration-ms="3385" status="PASS">
          <reporter-output>
          </reporter-output>
        </test-method> <!-- TC_005_CancelLogin_X -->
        <test-method is-config="true" signature="captureReport(org.testng.ITestResult)[pri:0, instance:module_LoginPage.TS_002_VerifyCancelLogin@ed7f8b4]" started-at="2024-07-04T13:56:59 IST" name="captureReport" finished-at="2024-07-04T13:56:59 IST" duration-ms="177" status="PASS">
          <params>
            <param index="0">
              <value>
                <![CDATA[[TestResult name=TC_005_CancelLogin_X status=SUCCESS method=TS_002_VerifyCancelLogin.TC_005_CancelLogin_X()[pri:0, instance:module_LoginPage.TS_002_VerifyCancelLogin@ed7f8b4] output={null}]]]>
              </value>
            </param>
          </params>
          <reporter-output>
          </reporter-output>
        </test-method> <!-- captureReport -->
      </class> <!-- module_LoginPage.TS_002_VerifyCancelLogin -->
      <class name="module_LoginPage.TS_001_ValidateLoginCredentials">
        <test-method is-config="true" signature="driverInitializer(java.lang.String)[pri:0, instance:module_LoginPage.TS_001_ValidateLoginCredentials@37271612]" started-at="2024-07-04T13:56:47 IST" name="driverInitializer" finished-at="2024-07-04T13:56:50 IST" duration-ms="2758" status="PASS">
          <params>
            <param index="0">
              <value>
                <![CDATA[Chrome]]>
              </value>
            </param>
          </params>
          <reporter-output>
          </reporter-output>
        </test-method> <!-- driverInitializer -->
        <test-method signature="TC_002_Login_WrongPassword(java.lang.String,java.lang.String)[pri:0, instance:module_LoginPage.TS_001_ValidateLoginCredentials@37271612]" started-at="2024-07-04T13:56:50 IST" name="TC_002_Login_WrongPassword" data-provider="TestData_Login" finished-at="2024-07-04T13:56:52 IST" duration-ms="2201" status="PASS">
          <params>
            <param index="0">
              <value>
                <![CDATA[test]]>
              </value>
            </param>
            <param index="1">
              <value>
                <![CDATA[testvghfgfdfg]]>
              </value>
            </param>
          </params>
          <reporter-output>
          </reporter-output>
        </test-method> <!-- TC_002_Login_WrongPassword -->
        <test-method is-config="true" signature="captureReport(org.testng.ITestResult)[pri:0, instance:module_LoginPage.TS_001_ValidateLoginCredentials@37271612]" started-at="2024-07-04T13:56:52 IST" name="captureReport" finished-at="2024-07-04T13:56:53 IST" duration-ms="227" status="PASS">
          <params>
            <param index="0">
              <value>
                <![CDATA[[TestResult name=TC_002_Login_WrongPassword status=SUCCESS method=TS_001_ValidateLoginCredentials.TC_002_Login_WrongPassword(java.lang.String,java.lang.String)[pri:0, instance:module_LoginPage.TS_001_ValidateLoginCredentials@37271612] output={null}]]]>
              </value>
            </param>
          </params>
          <reporter-output>
          </reporter-output>
        </test-method> <!-- captureReport -->
        <test-method is-config="true" signature="tear()[pri:0, instance:module_LoginPage.TS_001_ValidateLoginCredentials@37271612]" started-at="2024-07-04T13:56:59 IST" name="tear" finished-at="2024-07-04T13:56:59 IST" duration-ms="80" status="PASS">
          <reporter-output>
          </reporter-output>
        </test-method> <!-- tear -->
      </class> <!-- module_LoginPage.TS_001_ValidateLoginCredentials -->
    </test> <!-- Chrome -->
    <test started-at="2024-07-04T13:56:59 IST" name="Firefox" finished-at="2024-07-04T13:57:13 IST" duration-ms="13906">
      <class name="module_LoginPage.TS_002_VerifyCancelLogin">
        <test-method is-config="true" signature="driverInitializer(java.lang.String)[pri:0, instance:module_LoginPage.TS_002_VerifyCancelLogin@4e3958e7]" started-at="2024-07-04T13:57:05 IST" name="driverInitializer" finished-at="2024-07-04T13:57:09 IST" duration-ms="3966" status="PASS">
          <params>
            <param index="0">
              <value>
                <![CDATA[Firefox]]>
              </value>
            </param>
          </params>
          <reporter-output>
          </reporter-output>
        </test-method> <!-- driverInitializer -->
        <test-method signature="TC_005_CancelLogin_X()[pri:0, instance:module_LoginPage.TS_002_VerifyCancelLogin@4e3958e7]" started-at="2024-07-04T13:57:09 IST" name="TC_005_CancelLogin_X" finished-at="2024-07-04T13:57:12 IST" duration-ms="2661" status="PASS">
          <reporter-output>
          </reporter-output>
        </test-method> <!-- TC_005_CancelLogin_X -->
        <test-method is-config="true" signature="captureReport(org.testng.ITestResult)[pri:0, instance:module_LoginPage.TS_002_VerifyCancelLogin@4e3958e7]" started-at="2024-07-04T13:57:12 IST" name="captureReport" finished-at="2024-07-04T13:57:13 IST" duration-ms="717" status="PASS">
          <params>
            <param index="0">
              <value>
                <![CDATA[[TestResult name=TC_005_CancelLogin_X status=SUCCESS method=TS_002_VerifyCancelLogin.TC_005_CancelLogin_X()[pri:0, instance:module_LoginPage.TS_002_VerifyCancelLogin@4e3958e7] output={null}]]]>
              </value>
            </param>
          </params>
          <reporter-output>
          </reporter-output>
        </test-method> <!-- captureReport -->
      </class> <!-- module_LoginPage.TS_002_VerifyCancelLogin -->
      <class name="module_LoginPage.TS_001_ValidateLoginCredentials">
        <test-method is-config="true" signature="driverInitializer(java.lang.String)[pri:0, instance:module_LoginPage.TS_001_ValidateLoginCredentials@6ab778a]" started-at="2024-07-04T13:56:59 IST" name="driverInitializer" finished-at="2024-07-04T13:57:03 IST" duration-ms="4030" status="PASS">
          <params>
            <param index="0">
              <value>
                <![CDATA[Firefox]]>
              </value>
            </param>
          </params>
          <reporter-output>
          </reporter-output>
        </test-method> <!-- driverInitializer -->
        <test-method signature="TC_002_Login_WrongPassword(java.lang.String,java.lang.String)[pri:0, instance:module_LoginPage.TS_001_ValidateLoginCredentials@6ab778a]" started-at="2024-07-04T13:57:03 IST" name="TC_002_Login_WrongPassword" data-provider="TestData_Login" finished-at="2024-07-04T13:57:04 IST" duration-ms="1512" status="PASS">
          <params>
            <param index="0">
              <value>
                <![CDATA[test]]>
              </value>
            </param>
            <param index="1">
              <value>
                <![CDATA[testvghfgfdfg]]>
              </value>
            </param>
          </params>
          <reporter-output>
          </reporter-output>
        </test-method> <!-- TC_002_Login_WrongPassword -->
        <test-method is-config="true" signature="captureReport(org.testng.ITestResult)[pri:0, instance:module_LoginPage.TS_001_ValidateLoginCredentials@6ab778a]" started-at="2024-07-04T13:57:04 IST" name="captureReport" finished-at="2024-07-04T13:57:05 IST" duration-ms="966" status="PASS">
          <params>
            <param index="0">
              <value>
                <![CDATA[[TestResult name=TC_002_Login_WrongPassword status=SUCCESS method=TS_001_ValidateLoginCredentials.TC_002_Login_WrongPassword(java.lang.String,java.lang.String)[pri:0, instance:module_LoginPage.TS_001_ValidateLoginCredentials@6ab778a] output={null}]]]>
              </value>
            </param>
          </params>
          <reporter-output>
          </reporter-output>
        </test-method> <!-- captureReport -->
        <test-method is-config="true" signature="tear()[pri:0, instance:module_LoginPage.TS_001_ValidateLoginCredentials@6ab778a]" started-at="2024-07-04T13:57:13 IST" name="tear" finished-at="2024-07-04T13:57:13 IST" duration-ms="19" status="PASS">
          <reporter-output>
          </reporter-output>
        </test-method> <!-- tear -->
      </class> <!-- module_LoginPage.TS_001_ValidateLoginCredentials -->
    </test> <!-- Firefox -->
    <test started-at="2024-07-04T13:57:13 IST" name="Edge" finished-at="2024-07-04T13:57:27 IST" duration-ms="13751">
      <class name="module_LoginPage.TS_002_VerifyCancelLogin">
        <test-method is-config="true" signature="driverInitializer(java.lang.String)[pri:0, instance:module_LoginPage.TS_002_VerifyCancelLogin@6f45df59]" started-at="2024-07-04T13:57:19 IST" name="driverInitializer" finished-at="2024-07-04T13:57:22 IST" duration-ms="2873" status="PASS">
          <params>
            <param index="0">
              <value>
                <![CDATA[Edge]]>
              </value>
            </param>
          </params>
          <reporter-output>
          </reporter-output>
        </test-method> <!-- driverInitializer -->
        <test-method signature="TC_005_CancelLogin_X()[pri:0, instance:module_LoginPage.TS_002_VerifyCancelLogin@6f45df59]" started-at="2024-07-04T13:57:22 IST" name="TC_005_CancelLogin_X" finished-at="2024-07-04T13:57:25 IST" duration-ms="3427" status="PASS">
          <reporter-output>
          </reporter-output>
        </test-method> <!-- TC_005_CancelLogin_X -->
        <test-method is-config="true" signature="captureReport(org.testng.ITestResult)[pri:0, instance:module_LoginPage.TS_002_VerifyCancelLogin@6f45df59]" started-at="2024-07-04T13:57:25 IST" name="captureReport" finished-at="2024-07-04T13:57:27 IST" duration-ms="1340" status="PASS">
          <params>
            <param index="0">
              <value>
                <![CDATA[[TestResult name=TC_005_CancelLogin_X status=SUCCESS method=TS_002_VerifyCancelLogin.TC_005_CancelLogin_X()[pri:0, instance:module_LoginPage.TS_002_VerifyCancelLogin@6f45df59] output={null}]]]>
              </value>
            </param>
          </params>
          <reporter-output>
          </reporter-output>
        </test-method> <!-- captureReport -->
      </class> <!-- module_LoginPage.TS_002_VerifyCancelLogin -->
      <class name="module_LoginPage.TS_001_ValidateLoginCredentials">
        <test-method is-config="true" signature="extentReportInitializer(java.lang.String)[pri:0, instance:module_LoginPage.TS_001_ValidateLoginCredentials@58ea606c]" started-at="2024-07-04T13:56:47 IST" name="extentReportInitializer" finished-at="2024-07-04T13:56:47 IST" duration-ms="1" status="PASS">
          <params>
            <param index="0">
              <value>
                <![CDATA[03.Regression_TestSuite]]>
              </value>
            </param>
          </params>
          <reporter-output>
          </reporter-output>
        </test-method> <!-- extentReportInitializer -->
        <test-method is-config="true" signature="driverInitializer(java.lang.String)[pri:0, instance:module_LoginPage.TS_001_ValidateLoginCredentials@58ea606c]" started-at="2024-07-04T13:57:13 IST" name="driverInitializer" finished-at="2024-07-04T13:57:15 IST" duration-ms="2571" status="PASS">
          <params>
            <param index="0">
              <value>
                <![CDATA[Edge]]>
              </value>
            </param>
          </params>
          <reporter-output>
          </reporter-output>
        </test-method> <!-- driverInitializer -->
        <test-method signature="TC_002_Login_WrongPassword(java.lang.String,java.lang.String)[pri:0, instance:module_LoginPage.TS_001_ValidateLoginCredentials@58ea606c]" started-at="2024-07-04T13:57:15 IST" name="TC_002_Login_WrongPassword" data-provider="TestData_Login" finished-at="2024-07-04T13:57:18 IST" duration-ms="2101" status="PASS">
          <params>
            <param index="0">
              <value>
                <![CDATA[test]]>
              </value>
            </param>
            <param index="1">
              <value>
                <![CDATA[testvghfgfdfg]]>
              </value>
            </param>
          </params>
          <reporter-output>
          </reporter-output>
        </test-method> <!-- TC_002_Login_WrongPassword -->
        <test-method is-config="true" signature="captureReport(org.testng.ITestResult)[pri:0, instance:module_LoginPage.TS_001_ValidateLoginCredentials@58ea606c]" started-at="2024-07-04T13:57:18 IST" name="captureReport" finished-at="2024-07-04T13:57:19 IST" duration-ms="1394" status="PASS">
          <params>
            <param index="0">
              <value>
                <![CDATA[[TestResult name=TC_002_Login_WrongPassword status=SUCCESS method=TS_001_ValidateLoginCredentials.TC_002_Login_WrongPassword(java.lang.String,java.lang.String)[pri:0, instance:module_LoginPage.TS_001_ValidateLoginCredentials@58ea606c] output={null}]]]>
              </value>
            </param>
          </params>
          <reporter-output>
          </reporter-output>
        </test-method> <!-- captureReport -->
        <test-method is-config="true" signature="tear()[pri:0, instance:module_LoginPage.TS_001_ValidateLoginCredentials@58ea606c]" started-at="2024-07-04T13:57:27 IST" name="tear" finished-at="2024-07-04T13:57:27 IST" duration-ms="20" status="PASS">
          <reporter-output>
          </reporter-output>
        </test-method> <!-- tear -->
      </class> <!-- module_LoginPage.TS_001_ValidateLoginCredentials -->
    </test> <!-- Edge -->
  </suite> <!-- 03.Regression_TestSuite -->
</testng-results>
